Hmm ... looks like a package

This is pdfTeX, Version 3.1415926-2.5-1.40.14 (TeX Live 2013/Debian)
 restricted \write18 enabled.
entering extended mode
LaTeX2e <2011/06/27>
Babel <3.9h> and hyphenation patterns for 2 languages loaded.
(./Rd2.tex
(/home/johnros/texmf/tex/latex/base/book.cls
Document Class: book 2014/09/29 v1.4h Standard LaTeX document class
(/home/johnros/texmf/tex/latex/base/bk10.clo))
(/usr/share/R/share/texmf/tex/latex/Rd.sty
(/home/johnros/texmf/tex/latex/base/ifthen.sty)
(/usr/share/texlive/texmf-dist/tex/latex/tools/longtable.sty)
(/usr/share/texlive/texmf-dist/tex/latex/tools/bm.sty)
(/home/johnros/texmf/tex/latex/base/alltt.sty)
(/usr/share/texlive/texmf-dist/tex/latex/tools/verbatim.sty)
(/usr/share/texlive/texmf-dist/tex/latex/url/url.sty)
(/home/johnros/texmf/tex/latex/base/textcomp.sty
(/home/johnros/texmf/tex/latex/base/ts1enc.def))
(/home/johnros/texmf/tex/latex/base/fontenc.sty
(/home/johnros/texmf/tex/latex/base/t1enc.def))
(/usr/share/texlive/texmf-dist/tex/latex/psnfss/times.sty)
(/usr/share/texlive/texmf-dist/tex/latex/inconsolata/zi4.sty
(/usr/share/texlive/texmf-dist/tex/latex/graphics/keyval.sty))
(/usr/share/texlive/texmf-dist/tex/latex/graphics/color.sty
(/home/johnros/texmf/tex/latex/latexconfig/color.cfg)
(/usr/share/texlive/texmf-dist/tex/latex/pdftex-def/pdftex.def
(/usr/share/texlive/texmf-dist/tex/generic/oberdiek/infwarerr.sty)
(/usr/share/texlive/texmf-dist/tex/generic/oberdiek/ltxcmds.sty)))
(/usr/share/texlive/texmf-dist/tex/latex/hyperref/hyperref.sty
(/usr/share/texlive/texmf-dist/tex/generic/oberdiek/hobsub-hyperref.sty
(/usr/share/texlive/texmf-dist/tex/generic/oberdiek/hobsub-generic.sty))
(/usr/share/texlive/texmf-dist/tex/generic/ifxetex/ifxetex.sty)
(/usr/share/texlive/texmf-dist/tex/latex/oberdiek/auxhook.sty)
(/usr/share/texlive/texmf-dist/tex/latex/oberdiek/kvoptions.sty)
(/usr/share/texlive/texmf-dist/tex/latex/hyperref/pd1enc.def)
(/home/johnros/texmf/tex/latex/latexconfig/hyperref.cfg))

Package hyperref Message: Driver (autodetected): hpdftex.

(/usr/share/texlive/texmf-dist/tex/latex/hyperref/hpdftex.def
(/usr/share/texlive/texmf-dist/tex/latex/oberdiek/rerunfilecheck.sty))

Package hyperref Warning: Option `hyperindex' has already been used,
(hyperref)                setting the option has no effect on input line 366.


Package hyperref Warning: Option `pagebackref' has already been used,
(hyperref)                setting the option has no effect on input line 366.

) (/home/johnros/texmf/tex/latex/base/makeidx.sty)
(/home/johnros/texmf/tex/latex/base/inputenc.sty
(/home/johnros/texmf/tex/latex/base/utf8.def
(/home/johnros/texmf/tex/latex/base/t1enc.dfu)
(/home/johnros/texmf/tex/latex/base/ot1enc.dfu)
(/home/johnros/texmf/tex/latex/base/omsenc.dfu)
(/home/johnros/texmf/tex/latex/base/ts1enc.dfu))
(/home/johnros/texmf/tex/latex/base/latin1.def))
Writing index file Rd2.idx
No file Rd2.aux.
(/home/johnros/texmf/tex/latex/base/ts1cmr.fd)
(/usr/share/texlive/texmf-dist/tex/latex/psnfss/t1ptm.fd)
(/usr/share/texlive/texmf-dist/tex/context/base/supp-pdf.mkii
[Loading MPS to PDF converter (version 2006.09.02).]
) (/usr/share/texlive/texmf-dist/tex/latex/hyperref/nameref.sty
(/usr/share/texlive/texmf-dist/tex/generic/oberdiek/gettitlestring.sty))
(/usr/share/texlive/texmf-dist/tex/latex/inconsolata/t1zi4.fd)
(/usr/share/texlive/texmf-dist/tex/latex/psnfss/t1phv.fd)
(/home/johnros/texmf/tex/latex/base/utf8.def)
Overfull \hbox (81.10762pt too wide) in paragraph at lines 49--50
\T1/ptm/m/n/10 spon-dent Driven Sam-pling as a Count-ing Pro-cess."" arXiv:1304
.3505, April 11, 2013. HTTP://arXiv.org/abs/1304.3505. 
[1{/var/lib/texmf/fonts/map/pdftex/updmap/pdftex.map}]
(/home/johnros/texmf/tex/latex/base/utf8.def)
Overfull \hbox (81.10762pt too wide) in paragraph at lines 102--103
\T1/ptm/m/n/10 spon-dent Driven Sam-pling as a Count-ing Pro-cess."" arXiv:1304
.3505, April 11, 2013. HTTP://arXiv.org/abs/1304.3505. 
[2] (/home/johnros/texmf/tex/latex/base/utf8.def) [3]
Overfull \hbox (81.10762pt too wide) in paragraph at lines 165--166
\T1/ptm/m/n/10 spon-dent Driven Sam-pling as a Count-ing Pro-cess."" arXiv:1304
.3505, April 11, 2013. HTTP://arXiv.org/abs/1304.3505. 
(/usr/share/texlive/texmf-dist/tex/latex/inconsolata/ts1zi4.fd)
(/home/johnros/texmf/tex/latex/base/utf8.def) [4]
Overfull \hbox (19.05785pt too wide) in paragraph at lines 235--237
\T1/ptm/m/n/10 spon-dent Driven Sam-pling as a Count-ing Pro-cess."" arXiv:1304
.3505. HTTP://arXiv.org/abs/1304.3505.

Overfull \hbox (102.07661pt too wide) in paragraph at lines 235--237
\T1/ptm/m/n/10 ume and Area of Oil Fields and Their Im-pact on Or-der of Dis-co
v-ery, 1980. http://www.osti.gov/scitech/servlets/purl/6037591. 
[5] (/home/johnros/texmf/tex/latex/base/utf8.def)
(/usr/share/texlive/texmf-dist/tex/latex/psnfss/ts1ptm.fd) [6]
Overfull \hbox (81.10762pt too wide) in paragraph at lines 316--317
\T1/ptm/m/n/10 spon-dent Driven Sam-pling as a Count-ing Pro-cess."" arXiv:1304
.3505, April 11, 2013. HTTP://arXiv.org/abs/1304.3505. 
(/home/johnros/texmf/tex/latex/base/utf8.def) [7]
Overfull \hbox (81.10762pt too wide) in paragraph at lines 363--364
\T1/ptm/m/n/10 spon-dent Driven Sam-pling as a Count-ing Pro-cess."" arXiv:1304
.3505, April 11, 2013. HTTP://arXiv.org/abs/1304.3505. 
(/home/johnros/texmf/tex/latex/base/utf8.def) [8]
No file Rd2.ind.
[9] (./Rd2.aux)

Package rerunfilecheck Warning: File `Rd2.out' has changed.
(rerunfilecheck)                Rerun to get outlines right
(rerunfilecheck)                or use package `bookmark'.

 )
(see the transcript file for additional information){/usr/share/texlive/texmf-d
ist/fonts/enc/dvips/inconsolata/i4-ts1.enc}{/usr/share/texlive/texmf-dist/fonts
/enc/dvips/base/8r.enc}{/usr/share/texlive/texmf-dist/fonts/enc/dvips/inconsola
ta/i4-t1-0.enc}</usr/share/texlive/texmf-dist/fonts/type1/public/inconsolata/In
consolata-zi4r.pfb></usr/share/texlive/texmf-dist/fonts/type1/public/amsfonts/c
m/cmmi10.pfb></usr/share/texlive/texmf-dist/fonts/type1/public/amsfonts/cm/cmmi
7.pfb></usr/share/texlive/texmf-dist/fonts/type1/public/amsfonts/cm/cmr10.pfb><
/usr/share/texlive/texmf-dist/fonts/type1/public/amsfonts/cm/cmr7.pfb></usr/sha
re/texlive/texmf-dist/fonts/type1/public/amsfonts/cm/cmsy10.pfb></usr/share/tex
live/texmf-dist/fonts/type1/urw/helvetic/uhvr8a.pfb></usr/share/texlive/texmf-d
ist/fonts/type1/urw/times/utmb8a.pfb></usr/share/texlive/texmf-dist/fonts/type1
/urw/times/utmr8a.pfb></usr/share/texlive/texmf-dist/fonts/type1/urw/times/utmr
8a.pfb></usr/share/texlive/texmf-dist/fonts/type1/urw/times/utmri8a.pfb>
Output written on Rd2.pdf (9 pages, 128964 bytes).
Transcript written on Rd2.log.
This is makeindex, version 2.15 [TeX Live 2013] (kpathsea + Thai support).
Scanning input file Rd2.idx....done (36 entries accepted, 0 rejected).
Sorting entries....done (182 comparisons).
Generating output file Rd2.ind....done (42 lines written, 1 warning).
Output written in Rd2.ind.
Transcript written in Rd2.ilg.
This is pdfTeX, Version 3.1415926-2.5-1.40.14 (TeX Live 2013/Debian)
 restricted \write18 enabled.
entering extended mode
LaTeX2e <2011/06/27>
Babel <3.9h> and hyphenation patterns for 2 languages loaded.
(./Rd2.tex
(/home/johnros/texmf/tex/latex/base/book.cls
Document Class: book 2014/09/29 v1.4h Standard LaTeX document class
(/home/johnros/texmf/tex/latex/base/bk10.clo))
(/usr/share/R/share/texmf/tex/latex/Rd.sty
(/home/johnros/texmf/tex/latex/base/ifthen.sty)
(/usr/share/texlive/texmf-dist/tex/latex/tools/longtable.sty)
(/usr/share/texlive/texmf-dist/tex/latex/tools/bm.sty)
(/home/johnros/texmf/tex/latex/base/alltt.sty)
(/usr/share/texlive/texmf-dist/tex/latex/tools/verbatim.sty)
(/usr/share/texlive/texmf-dist/tex/latex/url/url.sty)
(/home/johnros/texmf/tex/latex/base/textcomp.sty
(/home/johnros/texmf/tex/latex/base/ts1enc.def))
(/home/johnros/texmf/tex/latex/base/fontenc.sty
(/home/johnros/texmf/tex/latex/base/t1enc.def))
(/usr/share/texlive/texmf-dist/tex/latex/psnfss/times.sty)
(/usr/share/texlive/texmf-dist/tex/latex/inconsolata/zi4.sty
(/usr/share/texlive/texmf-dist/tex/latex/graphics/keyval.sty))
(/usr/share/texlive/texmf-dist/tex/latex/graphics/color.sty
(/home/johnros/texmf/tex/latex/latexconfig/color.cfg)
(/usr/share/texlive/texmf-dist/tex/latex/pdftex-def/pdftex.def
(/usr/share/texlive/texmf-dist/tex/generic/oberdiek/infwarerr.sty)
(/usr/share/texlive/texmf-dist/tex/generic/oberdiek/ltxcmds.sty)))
(/usr/share/texlive/texmf-dist/tex/latex/hyperref/hyperref.sty
(/usr/share/texlive/texmf-dist/tex/generic/oberdiek/hobsub-hyperref.sty
(/usr/share/texlive/texmf-dist/tex/generic/oberdiek/hobsub-generic.sty))
(/usr/share/texlive/texmf-dist/tex/generic/ifxetex/ifxetex.sty)
(/usr/share/texlive/texmf-dist/tex/latex/oberdiek/auxhook.sty)
(/usr/share/texlive/texmf-dist/tex/latex/oberdiek/kvoptions.sty)
(/usr/share/texlive/texmf-dist/tex/latex/hyperref/pd1enc.def)
(/home/johnros/texmf/tex/latex/latexconfig/hyperref.cfg))

Package hyperref Message: Driver (autodetected): hpdftex.

(/usr/share/texlive/texmf-dist/tex/latex/hyperref/hpdftex.def
(/usr/share/texlive/texmf-dist/tex/latex/oberdiek/rerunfilecheck.sty))

Package hyperref Warning: Option `hyperindex' has already been used,
(hyperref)                setting the option has no effect on input line 366.


Package hyperref Warning: Option `pagebackref' has already been used,
(hyperref)                setting the option has no effect on input line 366.

) (/home/johnros/texmf/tex/latex/base/makeidx.sty)
(/home/johnros/texmf/tex/latex/base/inputenc.sty
(/home/johnros/texmf/tex/latex/base/utf8.def
(/home/johnros/texmf/tex/latex/base/t1enc.dfu)
(/home/johnros/texmf/tex/latex/base/ot1enc.dfu)
(/home/johnros/texmf/tex/latex/base/omsenc.dfu)
(/home/johnros/texmf/tex/latex/base/ts1enc.dfu))
(/home/johnros/texmf/tex/latex/base/latin1.def))
Writing index file Rd2.idx
(./Rd2.aux) (/home/johnros/texmf/tex/latex/base/ts1cmr.fd)
(/usr/share/texlive/texmf-dist/tex/latex/psnfss/t1ptm.fd)
(/usr/share/texlive/texmf-dist/tex/context/base/supp-pdf.mkii
[Loading MPS to PDF converter (version 2006.09.02).]
) (/usr/share/texlive/texmf-dist/tex/latex/hyperref/nameref.sty
(/usr/share/texlive/texmf-dist/tex/generic/oberdiek/gettitlestring.sty))
(./Rd2.out) (./Rd2.out)
(/usr/share/texlive/texmf-dist/tex/latex/inconsolata/t1zi4.fd)
(/usr/share/texlive/texmf-dist/tex/latex/psnfss/t1phv.fd) (./Rd2.toc)
(/home/johnros/texmf/tex/latex/base/utf8.def) [1{/var/lib/texmf/fonts/map/pdfte
x/updmap/pdftex.map}]
Overfull \hbox (81.10762pt too wide) in paragraph at lines 49--50
\T1/ptm/m/n/10 spon-dent Driven Sam-pling as a Count-ing Pro-cess."" arXiv:1304
.3505, April 11, 2013. HTTP://arXiv.org/abs/1304.3505. 
(/home/johnros/texmf/tex/latex/base/utf8.def) [2]
Overfull \hbox (81.10762pt too wide) in paragraph at lines 102--103
\T1/ptm/m/n/10 spon-dent Driven Sam-pling as a Count-ing Pro-cess."" arXiv:1304
.3505, April 11, 2013. HTTP://arXiv.org/abs/1304.3505. 
(/home/johnros/texmf/tex/latex/base/utf8.def) [3]
Overfull \hbox (81.10762pt too wide) in paragraph at lines 165--166
\T1/ptm/m/n/10 spon-dent Driven Sam-pling as a Count-ing Pro-cess."" arXiv:1304
.3505, April 11, 2013. HTTP://arXiv.org/abs/1304.3505. 
[4] (/usr/share/texlive/texmf-dist/tex/latex/inconsolata/ts1zi4.fd)
(/home/johnros/texmf/tex/latex/base/utf8.def) [5]
Overfull \hbox (19.05785pt too wide) in paragraph at lines 235--237
\T1/ptm/m/n/10 spon-dent Driven Sam-pling as a Count-ing Pro-cess."" arXiv:1304
.3505. HTTP://arXiv.org/abs/1304.3505.

Overfull \hbox (102.07661pt too wide) in paragraph at lines 235--237
\T1/ptm/m/n/10 ume and Area of Oil Fields and Their Im-pact on Or-der of Dis-co
v-ery, 1980. http://www.osti.gov/scitech/servlets/purl/6037591. 
(/home/johnros/texmf/tex/latex/base/utf8.def) [6]
(/usr/share/texlive/texmf-dist/tex/latex/psnfss/ts1ptm.fd)
Overfull \hbox (81.10762pt too wide) in paragraph at lines 316--317
\T1/ptm/m/n/10 spon-dent Driven Sam-pling as a Count-ing Pro-cess."" arXiv:1304
.3505, April 11, 2013. HTTP://arXiv.org/abs/1304.3505. 
[7] (/home/johnros/texmf/tex/latex/base/utf8.def)
Overfull \hbox (81.10762pt too wide) in paragraph at lines 363--364
\T1/ptm/m/n/10 spon-dent Driven Sam-pling as a Count-ing Pro-cess."" arXiv:1304
.3505, April 11, 2013. HTTP://arXiv.org/abs/1304.3505. 
[8] (/home/johnros/texmf/tex/latex/base/utf8.def) (./Rd2.ind [9]

LaTeX Font Warning: Font shape `T1/zi4/m/it' undefined
(Font)              using `T1/zi4/m/n' instead on input line 13.

[10]) (./Rd2.aux)

Package rerunfilecheck Warning: File `Rd2.out' has changed.
(rerunfilecheck)                Rerun to get outlines right
(rerunfilecheck)                or use package `bookmark'.


LaTeX Font Warning: Some font shapes were not available, defaults substituted.

 )
(see the transcript file for additional information){/usr/share/texlive/texmf-d
ist/fonts/enc/dvips/inconsolata/i4-ts1.enc}{/usr/share/texlive/texmf-dist/fonts
/enc/dvips/base/8r.enc}{/usr/share/texlive/texmf-dist/fonts/enc/dvips/inconsola
ta/i4-t1-0.enc}</usr/share/texlive/texmf-dist/fonts/type1/public/inconsolata/In
consolata-zi4r.pfb></usr/share/texlive/texmf-dist/fonts/type1/public/amsfonts/c
m/cmmi10.pfb></usr/share/texlive/texmf-dist/fonts/type1/public/amsfonts/cm/cmmi
7.pfb></usr/share/texlive/texmf-dist/fonts/type1/public/amsfonts/cm/cmr10.pfb><
/usr/share/texlive/texmf-dist/fonts/type1/public/amsfonts/cm/cmr7.pfb></usr/sha
re/texlive/texmf-dist/fonts/type1/public/amsfonts/cm/cmsy10.pfb></usr/share/tex
live/texmf-dist/fonts/type1/urw/helvetic/uhvr8a.pfb></usr/share/texlive/texmf-d
ist/fonts/type1/urw/times/utmb8a.pfb></usr/share/texlive/texmf-dist/fonts/type1
/urw/times/utmr8a.pfb></usr/share/texlive/texmf-dist/fonts/type1/urw/times/utmr
8a.pfb></usr/share/texlive/texmf-dist/fonts/type1/urw/times/utmri8a.pfb>
Output written on Rd2.pdf (10 pages, 132686 bytes).
Transcript written on Rd2.log.
This is makeindex, version 2.15 [TeX Live 2013] (kpathsea + Thai support).
Scanning input file Rd2.idx....done (36 entries accepted, 0 rejected).
Sorting entries....done (202 comparisons).
Generating output file Rd2.ind....done (41 lines written, 2 warnings).
Output written in Rd2.ind.
Transcript written in Rd2.ilg.
This is pdfTeX, Version 3.1415926-2.5-1.40.14 (TeX Live 2013/Debian)
 restricted \write18 enabled.
entering extended mode
LaTeX2e <2011/06/27>
Babel <3.9h> and hyphenation patterns for 2 languages loaded.
(./Rd2.tex
(/home/johnros/texmf/tex/latex/base/book.cls
Document Class: book 2014/09/29 v1.4h Standard LaTeX document class
(/home/johnros/texmf/tex/latex/base/bk10.clo))
(/usr/share/R/share/texmf/tex/latex/Rd.sty
(/home/johnros/texmf/tex/latex/base/ifthen.sty)
(/usr/share/texlive/texmf-dist/tex/latex/tools/longtable.sty)
(/usr/share/texlive/texmf-dist/tex/latex/tools/bm.sty)
(/home/johnros/texmf/tex/latex/base/alltt.sty)
(/usr/share/texlive/texmf-dist/tex/latex/tools/verbatim.sty)
(/usr/share/texlive/texmf-dist/tex/latex/url/url.sty)
(/home/johnros/texmf/tex/latex/base/textcomp.sty
(/home/johnros/texmf/tex/latex/base/ts1enc.def))
(/home/johnros/texmf/tex/latex/base/fontenc.sty
(/home/johnros/texmf/tex/latex/base/t1enc.def))
(/usr/share/texlive/texmf-dist/tex/latex/psnfss/times.sty)
(/usr/share/texlive/texmf-dist/tex/latex/inconsolata/zi4.sty
(/usr/share/texlive/texmf-dist/tex/latex/graphics/keyval.sty))
(/usr/share/texlive/texmf-dist/tex/latex/graphics/color.sty
(/home/johnros/texmf/tex/latex/latexconfig/color.cfg)
(/usr/share/texlive/texmf-dist/tex/latex/pdftex-def/pdftex.def
(/usr/share/texlive/texmf-dist/tex/generic/oberdiek/infwarerr.sty)
(/usr/share/texlive/texmf-dist/tex/generic/oberdiek/ltxcmds.sty)))
(/usr/share/texlive/texmf-dist/tex/latex/hyperref/hyperref.sty
(/usr/share/texlive/texmf-dist/tex/generic/oberdiek/hobsub-hyperref.sty
(/usr/share/texlive/texmf-dist/tex/generic/oberdiek/hobsub-generic.sty))
(/usr/share/texlive/texmf-dist/tex/generic/ifxetex/ifxetex.sty)
(/usr/share/texlive/texmf-dist/tex/latex/oberdiek/auxhook.sty)
(/usr/share/texlive/texmf-dist/tex/latex/oberdiek/kvoptions.sty)
(/usr/share/texlive/texmf-dist/tex/latex/hyperref/pd1enc.def)
(/home/johnros/texmf/tex/latex/latexconfig/hyperref.cfg))

Package hyperref Message: Driver (autodetected): hpdftex.

(/usr/share/texlive/texmf-dist/tex/latex/hyperref/hpdftex.def
(/usr/share/texlive/texmf-dist/tex/latex/oberdiek/rerunfilecheck.sty))

Package hyperref Warning: Option `hyperindex' has already been used,
(hyperref)                setting the option has no effect on input line 366.


Package hyperref Warning: Option `pagebackref' has already been used,
(hyperref)                setting the option has no effect on input line 366.

) (/home/johnros/texmf/tex/latex/base/makeidx.sty)
(/home/johnros/texmf/tex/latex/base/inputenc.sty
(/home/johnros/texmf/tex/latex/base/utf8.def
(/home/johnros/texmf/tex/latex/base/t1enc.dfu)
(/home/johnros/texmf/tex/latex/base/ot1enc.dfu)
(/home/johnros/texmf/tex/latex/base/omsenc.dfu)
(/home/johnros/texmf/tex/latex/base/ts1enc.dfu))
(/home/johnros/texmf/tex/latex/base/latin1.def))
Writing index file Rd2.idx
(./Rd2.aux) (/home/johnros/texmf/tex/latex/base/ts1cmr.fd)
(/usr/share/texlive/texmf-dist/tex/latex/psnfss/t1ptm.fd)
(/usr/share/texlive/texmf-dist/tex/context/base/supp-pdf.mkii
[Loading MPS to PDF converter (version 2006.09.02).]
) (/usr/share/texlive/texmf-dist/tex/latex/hyperref/nameref.sty
(/usr/share/texlive/texmf-dist/tex/generic/oberdiek/gettitlestring.sty))
(./Rd2.out) (./Rd2.out)
(/usr/share/texlive/texmf-dist/tex/latex/inconsolata/t1zi4.fd)
(/usr/share/texlive/texmf-dist/tex/latex/psnfss/t1phv.fd) (./Rd2.toc)
(/home/johnros/texmf/tex/latex/base/utf8.def) [1{/var/lib/texmf/fonts/map/pdfte
x/updmap/pdftex.map}]
Overfull \hbox (81.10762pt too wide) in paragraph at lines 49--50
\T1/ptm/m/n/10 spon-dent Driven Sam-pling as a Count-ing Pro-cess."" arXiv:1304
.3505, April 11, 2013. HTTP://arXiv.org/abs/1304.3505. 
(/home/johnros/texmf/tex/latex/base/utf8.def) [2]
Overfull \hbox (81.10762pt too wide) in paragraph at lines 102--103
\T1/ptm/m/n/10 spon-dent Driven Sam-pling as a Count-ing Pro-cess."" arXiv:1304
.3505, April 11, 2013. HTTP://arXiv.org/abs/1304.3505. 
(/home/johnros/texmf/tex/latex/base/utf8.def) [3]
Overfull \hbox (81.10762pt too wide) in paragraph at lines 165--166
\T1/ptm/m/n/10 spon-dent Driven Sam-pling as a Count-ing Pro-cess."" arXiv:1304
.3505, April 11, 2013. HTTP://arXiv.org/abs/1304.3505. 
[4] (/usr/share/texlive/texmf-dist/tex/latex/inconsolata/ts1zi4.fd)
(/home/johnros/texmf/tex/latex/base/utf8.def) [5]
Overfull \hbox (19.05785pt too wide) in paragraph at lines 235--237
\T1/ptm/m/n/10 spon-dent Driven Sam-pling as a Count-ing Pro-cess."" arXiv:1304
.3505. HTTP://arXiv.org/abs/1304.3505.

Overfull \hbox (102.07661pt too wide) in paragraph at lines 235--237
\T1/ptm/m/n/10 ume and Area of Oil Fields and Their Im-pact on Or-der of Dis-co
v-ery, 1980. http://www.osti.gov/scitech/servlets/purl/6037591. 
(/home/johnros/texmf/tex/latex/base/utf8.def) [6]
(/usr/share/texlive/texmf-dist/tex/latex/psnfss/ts1ptm.fd)
Overfull \hbox (81.10762pt too wide) in paragraph at lines 316--317
\T1/ptm/m/n/10 spon-dent Driven Sam-pling as a Count-ing Pro-cess."" arXiv:1304
.3505, April 11, 2013. HTTP://arXiv.org/abs/1304.3505. 
[7] (/home/johnros/texmf/tex/latex/base/utf8.def)
Overfull \hbox (81.10762pt too wide) in paragraph at lines 363--364
\T1/ptm/m/n/10 spon-dent Driven Sam-pling as a Count-ing Pro-cess."" arXiv:1304
.3505, April 11, 2013. HTTP://arXiv.org/abs/1304.3505. 
[8] (/home/johnros/texmf/tex/latex/base/utf8.def) (./Rd2.ind [9]

LaTeX Font Warning: Font shape `T1/zi4/m/it' undefined
(Font)              using `T1/zi4/m/n' instead on input line 12.

[10]) (./Rd2.aux)

LaTeX Font Warning: Some font shapes were not available, defaults substituted.

 )
(see the transcript file for additional information){/usr/share/texlive/texmf-d
ist/fonts/enc/dvips/inconsolata/i4-ts1.enc}{/usr/share/texlive/texmf-dist/fonts
/enc/dvips/base/8r.enc}{/usr/share/texlive/texmf-dist/fonts/enc/dvips/inconsola
ta/i4-t1-0.enc}</usr/share/texlive/texmf-dist/fonts/type1/public/inconsolata/In
consolata-zi4r.pfb></usr/share/texlive/texmf-dist/fonts/type1/public/amsfonts/c
m/cmmi10.pfb></usr/share/texlive/texmf-dist/fonts/type1/public/amsfonts/cm/cmmi
7.pfb></usr/share/texlive/texmf-dist/fonts/type1/public/amsfonts/cm/cmr10.pfb><
/usr/share/texlive/texmf-dist/fonts/type1/public/amsfonts/cm/cmr7.pfb></usr/sha
re/texlive/texmf-dist/fonts/type1/public/amsfonts/cm/cmsy10.pfb></usr/share/tex
live/texmf-dist/fonts/type1/urw/helvetic/uhvr8a.pfb></usr/share/texlive/texmf-d
ist/fonts/type1/urw/times/utmb8a.pfb></usr/share/texlive/texmf-dist/fonts/type1
/urw/times/utmr8a.pfb></usr/share/texlive/texmf-dist/fonts/type1/urw/times/utmr
8a.pfb></usr/share/texlive/texmf-dist/fonts/type1/urw/times/utmri8a.pfb>
Output written on Rd2.pdf (10 pages, 132817 bytes).
Transcript written on Rd2.log.
Saving output to 'chords-manual.pdf' ...
Done
You may want to clean up by 'rm -rf /tmp/Rtmp07bhU5/Rd2pdf3d134936d0ba'
